 skal dialogen protokolleres?/yes/
 regne dispersivt?/yes/
 gi form paa displedd/linear/
 gi boelge-input/carrier-greenspan/
 Banale likninger?/yes/
 give paddle file/urand/
 gi boelgelengde/  22.6725998/
 gi flatl/lambda    /  5./
 javel,saa gi naa flatl direkte da
 gi helningen i grader/  20./
 gi glattingsgrad/  0.25/
 gi brytgrense/ -1./
 give diffusiontype/none/
 l=  0.
 gi antall gridpunkter/ 100/
 epsett: 160  0.169837624  1.  0.  0.  0.
 gi ev, av og br/  1. -1.  1./
 gi antall utskrifter/ 0/
 dt_default=  0.169837624 =   0.169837624 sek.
 gi tidsintervall (sek)/  5.41782045/
 gi red.faktor/  1./
 gi beg. og slutt paa utsk./ 1 180/
 gi antall iterasjoner i kontlikning/ 5/
 gi tserpos/ -1001./
 gi tserpos/ -1001./
 skrive forrykningsfiler?/no/
 antall rader: 159 
 gi gitternummere/16:*;16/
 iprint= 1
 iprint= 2
 iprint= 3
 iprint= 4
 iprint= 5
 iprint= 6
 iprint= 7
 iprint= 8
 iprint= 9
 iprint= 10
0.04user 0.01system 0:00.06elapsed 98%CPU (0avgtext+0avgdata 0maxresident)k
0inputs+0outputs (0major+382minor)pagefaults 0swaps
